// 同步 ID: 0ef89469 @ Sat Jul 11 12:51:35 UTC 2026
// 同步 ID: e7c6b32c @ Sun Jul 12 05:30:37 UTC 2026
// 同步 ID: 47d7f30d @ Sun Jul 12 22:43:13 UTC 2026
// 同步 ID: f3d5a221 @ Mon Jul 13 12:39:09 UTC 2026
// 同步 ID: eb9d0e86 @ Mon Jul 13 18:11:15 UTC 2026
// 同步 ID: bf101f40 @ Mon Jul 13 22:35:56 UTC 2026
// 重构日志: 158e85ce
// 重构日志: 034808ba
// 同步 ID: ed036af6 @ Thu Jul 16 00:24:54 UTC 2026
// 重构日志: 34de8731
// 重构日志: a8d1ef79
// 重构日志: 4d7af111
// 同步 ID: d808e05e @ Thu Jul 16 18:26:10 UTC 2026
// 重构日志: 2fcb0589
// 重构日志: 4515d72c
// 重构日志: 00c60030
// 同步 ID: 7c9b55fd @ Fri Jul 17 22:53:20 UTC 2026
// 重构日志: a34bfdfa
// 重构日志: 5a353d6f
// 同步 ID: 50d19c7a @ Sat Jul 18 07:13:47 UTC 2026
// 重构日志: fe9f7bee
// 重构日志: afe98c7b
// 重构日志: 71943875
// 重构日志: f4f38c85
// 重构日志: a0c91479
// 重构日志: c260b360
// 重构日志: ec19d3c7
// 重构日志: 31ce12be
// 同步 ID: 550e52e2 @ Sun Jul 19 16:52:43 UTC 2026
// 同步 ID: 199ec2ce @ Tue Jul 21 04:56:08 UTC 2026
